<?xml version="1.0" encoding="UTF-8"?><testsuite errors="1" failures="2" name="com.example.bellatrix.interview.ricardo.features.filter_results.FilterProductsStory" skipped="0" tests="3" time="360.57" timestamp="2018-03-02T09:13:36.338Z[UTC]"><testcase classname="com.example.bellatrix.interview.ricardo.features.filter_results.FilterProductsStory" name="Filter results by brand"><failure message="Missing filter 'Filter [filterName=Brand, filterKey=Puma]' - &#10;Expected: an element that is visible&#10;     but: no matching element found by css: [aria-label='PUMA'] was not visible" type="com.example.bellatrix.interview.ricardo.tasks.exceptions.NoMatchingFilterOptionIsVisible">Missing filter 'Filter [filterName=Brand, filterKey=Puma]' - 
Expected: an element that is visible
     but: no matching element found by css: [aria-label='PUMA'] was not visible</failure><system-err>Missing filter 'Filter [filterName=Brand, filterKey=Puma]' - 
Expected: an element that is visible
     but: no matching element found by css: [aria-label='PUMA'] was not visible
com.example.bellatrix.interview.ricardo.tasks.FilterByEbayFilter.performAs(FilterByEbayFilter.java:31)
com.example.bellatrix.interview.ricardo.features.filter_results.FilterProductsStory.filter_results_by_brand(FilterProductsStory.java:51)
</system-err></testcase><testcase classname="com.example.bellatrix.interview.ricardo.features.filter_results.FilterProductsStory" name="Filter results by size"><failure message="Missing filter 'Filter [filterName=shoes size, filterKey=10]' - &#10;Expected: an element that is visible&#10;     but: no matching element found by css: [aria-label='10'] was not visible" type="com.example.bellatrix.interview.ricardo.tasks.exceptions.NoMatchingFilterOptionIsVisible">Missing filter 'Filter [filterName=shoes size, filterKey=10]' - 
Expected: an element that is visible
     but: no matching element found by css: [aria-label='10'] was not visible</failure><system-err>Missing filter 'Filter [filterName=shoes size, filterKey=10]' - 
Expected: an element that is visible
     but: no matching element found by css: [aria-label='10'] was not visible
com.example.bellatrix.interview.ricardo.tasks.FilterByEbayFilter.performAs(FilterByEbayFilter.java:31)
com.example.bellatrix.interview.ricardo.features.filter_results.FilterProductsStory.filter_results_by_size(FilterProductsStory.java:60)
</system-err></testcase><testcase classname="com.example.bellatrix.interview.ricardo.features.filter_results.FilterProductsStory" name="Filter results by brand and size"><error message="The following error occurred: timeout&#10;  (Session info: headless chrome=64.0.3282.186)&#10;  (Driver info: chromedriver=2.35.528139 (47ead77cb35ad2a9a83248b292151462a66cd881),platform=Linux 4.4.0-101-generic x86_64) (WARNING: The server did not provide any stacktrace information)&#10;Command duration or timeout: 0 milliseconds&#10;Build info: version: '3.9.1', revision: '63f7b50', time: '2018-02-07T22:25:02.294Z'&#10;System info: host: 'travis-job-5382d778-284f-4692-ae20-fc4bf987e1c3', ip: '127.0.1.1', os.name: 'Linux', os.arch: 'amd64', os.version: '4.4.0-101-generic', java.version: '1.8.0_151'&#10;Driver info: org.openqa.selenium.remote.RemoteWebDriver&#10;Capabilities {acceptInsecureCerts: false, acceptSslCerts: false, applicationCacheEnabled: false, browserConnectionEnabled: false, browserName: chrome, chrome: {chromedriverVersion: 2.35.528139 (47ead77cb35ad2..., userDataDir: /tmp/.org.chromium.Chromium...}, cssSelectorsEnabled: true, databaseEnabled: false, handlesAlerts: true, hasTouchScreen: false, javascriptEnabled: true, locationContextEnabled: true, mobileEmulationEnabled: false, nativeEvents: true, networkConnectionEnabled: false, pageLoadStrategy: normal, platform: LINUX, platformName: LINUX, rotatable: false, setWindowRect: true, takesHeapSnapshot: true, takesScreenshot: true, unexpectedAlertBehaviour: , unhandledPromptBehavior: , version: 64.0.3282.186, webStorageEnabled: true}&#10;Session ID: f49e28a5e7fd74943ba9c6d7eca850e3" type="org.openqa.selenium.TimeoutException">The following error occurred: timeout
  (Session info: headless chrome=64.0.3282.186)
  (Driver info: chromedriver=2.35.528139 (47ead77cb35ad2a9a83248b292151462a66cd881),platform=Linux 4.4.0-101-generic x86_64) (WARNING: The server did not provide any stacktrace information)
Command duration or timeout: 0 milliseconds
Build info: version: '3.9.1', revision: '63f7b50', time: '2018-02-07T22:25:02.294Z'
System info: host: 'travis-job-5382d778-284f-4692-ae20-fc4bf987e1c3', ip: '127.0.1.1', os.name: 'Linux', os.arch: 'amd64', os.version: '4.4.0-101-generic', java.version: '1.8.0_151'
Driver info: org.openqa.selenium.remote.RemoteWebDriver
Capabilities {acceptInsecureCerts: false, acceptSslCerts: false, applicationCacheEnabled: false, browserConnectionEnabled: false, browserName: chrome, chrome: {chromedriverVersion: 2.35.528139 (47ead77cb35ad2..., userDataDir: /tmp/.org.chromium.Chromium...}, cssSelectorsEnabled: true, databaseEnabled: false, handlesAlerts: true, hasTouchScreen: false, javascriptEnabled: true, locationContextEnabled: true, mobileEmulationEnabled: false, nativeEvents: true, networkConnectionEnabled: false, pageLoadStrategy: normal, platform: LINUX, platformName: LINUX, rotatable: false, setWindowRect: true, takesHeapSnapshot: true, takesScreenshot: true, unexpectedAlertBehaviour: , unhandledPromptBehavior: , version: 64.0.3282.186, webStorageEnabled: true}
Session ID: f49e28a5e7fd74943ba9c6d7eca850e3</error><system-err>The following error occurred: timeout
  (Session info: headless chrome=64.0.3282.186)
  (Driver info: chromedriver=2.35.528139 (47ead77cb35ad2a9a83248b292151462a66cd881),platform=Linux 4.4.0-101-generic x86_64) (WARNING: The server did not provide any stacktrace information)
Command duration or timeout: 0 milliseconds
Build info: version: '3.9.1', revision: '63f7b50', time: '2018-02-07T22:25:02.294Z'
System info: host: 'travis-job-5382d778-284f-4692-ae20-fc4bf987e1c3', ip: '127.0.1.1', os.name: 'Linux', os.arch: 'amd64', os.version: '4.4.0-101-generic', java.version: '1.8.0_151'
Driver info: org.openqa.selenium.remote.RemoteWebDriver
Capabilities {acceptInsecureCerts: false, acceptSslCerts: false, applicationCacheEnabled: false, browserConnectionEnabled: false, browserName: chrome, chrome: {chromedriverVersion: 2.35.528139 (47ead77cb35ad2..., userDataDir: /tmp/.org.chromium.Chromium...}, cssSelectorsEnabled: true, databaseEnabled: false, handlesAlerts: true, hasTouchScreen: false, javascriptEnabled: true, locationContextEnabled: true, mobileEmulationEnabled: false, nativeEvents: true, networkConnectionEnabled: false, pageLoadStrategy: normal, platform: LINUX, platformName: LINUX, rotatable: false, setWindowRect: true, takesHeapSnapshot: true, takesScreenshot: true, unexpectedAlertBehaviour: , unhandledPromptBehavior: , version: 64.0.3282.186, webStorageEnabled: true}
Session ID: f49e28a5e7fd74943ba9c6d7eca850e3
com.example.bellatrix.interview.ricardo.tasks.Search.performAs(Search.java:23)
com.example.bellatrix.interview.ricardo.features.filter_results.FilterProductsStory.filter_results_by_brand_and_size(FilterProductsStory.java:68)
</system-err></testcase></testsuite>